app/build/intermediates/manifest_merge_blame_file/debug/manifest-merger-blame-debug-report.txt
1<?xml version="1.0" encoding="utf-8"?>
2<manifest xmlns:android="http://schemas.android.com/apk/res/android"
3    package="com.example.checkyourenglishproficiency"
4    android:versionCode="1"
5    android:versionName="1.0" >
6
7    <uses-sdk
8        android:minSdkVersion="25"
8-->src\main\AndroidManifest.xml
9        android:targetSdkVersion="32" />
9-->src\main\AndroidManifest.xml
10
11    <uses-permission android:name="android.permission.INTERNET" />
11-->src\main\AndroidManifest.xml:6:5-67
11-->src\main\AndroidManifest.xml:6:22-64
12
13    <!-- Although the *SdkVersion is captured in gradle build files, this is required for non gradle builds -->
14    <!-- <uses-sdk android:minSdkVersion="14"/> -->
15    <uses-permission android:name="android.permission.ACCESS_NETWORK_STATE" />
15-->[com.google.firebase:firebase-database:20.0.5] AndroidManifest.xml:25:5-79
15-->[com.google.firebase:firebase-database:20.0.5] AndroidManifest.xml:25:22-76
16
17    <application
17-->src\main\AndroidManifest.xml:8:5-71:19
18        android:allowBackup="true"
18-->src\main\AndroidManifest.xml:9:9-35
19        android:appComponentFactory="androidx.core.app.CoreComponentFactory"
19-->[androidx.core:core:1.7.0] AndroidManifest.xml:24:18-86
20        android:dataExtractionRules="@xml/data_extraction_rules"
20-->src\main\AndroidManifest.xml:10:9-65
21        android:debuggable="true"
22        android:extractNativeLibs="false"
23        android:fullBackupContent="@xml/backup_rules"
23-->src\main\AndroidManifest.xml:11:9-54
24        android:icon="@mipmap/ic_launcher"
24-->src\main\AndroidManifest.xml:12:9-43
25        android:label="@string/app_name"
25-->src\main\AndroidManifest.xml:13:9-41
26        android:roundIcon="@mipmap/ic_launcher_round"
26-->src\main\AndroidManifest.xml:14:9-54
27        android:supportsRtl="true"
27-->src\main\AndroidManifest.xml:15:9-35
28        android:testOnly="true"
29        android:theme="@style/Theme.CheckYourEnglishProficiency" >
29-->src\main\AndroidManifest.xml:16:9-65
30        <activity
30-->src\main\AndroidManifest.xml:18:9-26:20
31            android:name="com.example.checkyourenglishproficiency.Start"
31-->src\main\AndroidManifest.xml:19:13-34
32            android:exported="true" >
32-->src\main\AndroidManifest.xml:20:13-36
33            <intent-filter>
33-->src\main\AndroidManifest.xml:21:13-25:29
34                <action android:name="android.intent.action.MAIN" />
34-->src\main\AndroidManifest.xml:22:17-69
34-->src\main\AndroidManifest.xml:22:25-66
35
36                <category android:name="android.intent.category.LAUNCHER" />
36-->src\main\AndroidManifest.xml:24:17-77
36-->src\main\AndroidManifest.xml:24:27-74
37            </intent-filter>
38        </activity>
39        <activity
39-->src\main\AndroidManifest.xml:27:9-29:40
40            android:name="com.example.checkyourenglishproficiency.ShowAnswer"
40-->src\main\AndroidManifest.xml:28:13-39
41            android:exported="false" />
41-->src\main\AndroidManifest.xml:29:13-37
42        <activity
42-->src\main\AndroidManifest.xml:30:9-32:40
43            android:name="com.example.checkyourenglishproficiency.MainActivity10"
43-->src\main\AndroidManifest.xml:31:13-43
44            android:exported="false" />
44-->src\main\AndroidManifest.xml:32:13-37
45        <activity
45-->src\main\AndroidManifest.xml:33:9-35:40
46            android:name="com.example.checkyourenglishproficiency.MainActivity9"
46-->src\main\AndroidManifest.xml:34:13-42
47            android:exported="false" />
47-->src\main\AndroidManifest.xml:35:13-37
48        <activity
48-->src\main\AndroidManifest.xml:36:9-38:40
49            android:name="com.example.checkyourenglishproficiency.MainActivity8"
49-->src\main\AndroidManifest.xml:37:13-42
50            android:exported="false" />
50-->src\main\AndroidManifest.xml:38:13-37
51        <activity
51-->src\main\AndroidManifest.xml:39:9-41:40
52            android:name="com.example.checkyourenglishproficiency.MainActivity7"
52-->src\main\AndroidManifest.xml:40:13-42
53            android:exported="false" />
53-->src\main\AndroidManifest.xml:41:13-37
54        <activity
54-->src\main\AndroidManifest.xml:42:9-44:40
55            android:name="com.example.checkyourenglishproficiency.MainActivity6"
55-->src\main\AndroidManifest.xml:43:13-42
56            android:exported="false" />
56-->src\main\AndroidManifest.xml:44:13-37
57        <activity
57-->src\main\AndroidManifest.xml:45:9-47:40
58            android:name="com.example.checkyourenglishproficiency.MainActivity5"
58-->src\main\AndroidManifest.xml:46:13-42
59            android:exported="false" />
59-->src\main\AndroidManifest.xml:47:13-37
60        <activity
60-->src\main\AndroidManifest.xml:48:9-50:40
61            android:name="com.example.checkyourenglishproficiency.MainActivity4"
61-->src\main\AndroidManifest.xml:49:13-42
62            android:exported="false" />
62-->src\main\AndroidManifest.xml:50:13-37
63        <activity
63-->src\main\AndroidManifest.xml:51:9-53:40
64            android:name="com.example.checkyourenglishproficiency.MainActivity3"
64-->src\main\AndroidManifest.xml:52:13-42
65            android:exported="false" />
65-->src\main\AndroidManifest.xml:53:13-37
66        <activity
66-->src\main\AndroidManifest.xml:54:9-56:40
67            android:name="com.example.checkyourenglishproficiency.Result"
67-->src\main\AndroidManifest.xml:55:13-35
68            android:exported="false" />
68-->src\main\AndroidManifest.xml:56:13-37
69        <activity
69-->src\main\AndroidManifest.xml:57:9-59:40
70            android:name="com.example.checkyourenglishproficiency.MainActivity2"
70-->src\main\AndroidManifest.xml:58:13-42
71            android:exported="false" />
71-->src\main\AndroidManifest.xml:59:13-37
72        <activity
72-->src\main\AndroidManifest.xml:60:9-62:39
73            android:name="com.example.checkyourenglishproficiency.Register"
73-->src\main\AndroidManifest.xml:61:13-37
74            android:exported="true" />
74-->src\main\AndroidManifest.xml:62:13-36
75        <activity
75-->src\main\AndroidManifest.xml:63:9-67:20
76            android:name="com.example.checkyourenglishproficiency.login"
76-->src\main\AndroidManifest.xml:64:13-34
77            android:exported="false" >
77-->src\main\AndroidManifest.xml:65:13-37
78        </activity>
79        <activity
79-->src\main\AndroidManifest.xml:68:9-70:40
80            android:name="com.example.checkyourenglishproficiency.MainActivity"
80-->src\main\AndroidManifest.xml:69:13-41
81            android:exported="false" />
81-->src\main\AndroidManifest.xml:70:13-37
82
83        <service
83-->[com.google.firebase:firebase-database:20.0.5] AndroidManifest.xml:29:9-35:19
84            android:name="com.google.firebase.components.ComponentDiscoveryService"
84-->[com.google.firebase:firebase-database:20.0.5] AndroidManifest.xml:30:13-84
85            android:directBootAware="true"
85-->[com.google.firebase:firebase-common:20.1.1] AndroidManifest.xml:35:13-43
86            android:exported="false" >
86-->[com.google.firebase:firebase-database:20.0.5] AndroidManifest.xml:31:13-37
87            <meta-data
87-->[com.google.firebase:firebase-database:20.0.5] AndroidManifest.xml:32:13-34:85
88                android:name="com.google.firebase.components:com.google.firebase.database.DatabaseRegistrar"
88-->[com.google.firebase:firebase-database:20.0.5] AndroidManifest.xml:33:17-109
89                android:value="com.google.firebase.components.ComponentRegistrar" />
89-->[com.google.firebase:firebase-database:20.0.5] AndroidManifest.xml:34:17-82
90        </service>
91
92        <activity
92-->[com.google.android.gms:play-services-base:18.0.1] AndroidManifest.xml:20:9-22:45
93            android:name="com.google.android.gms.common.api.GoogleApiActivity"
93-->[com.google.android.gms:play-services-base:18.0.1] AndroidManifest.xml:20:19-85
94            android:exported="false"
94-->[com.google.android.gms:play-services-base:18.0.1] AndroidManifest.xml:22:19-43
95            android:theme="@android:style/Theme.Translucent.NoTitleBar" />
95-->[com.google.android.gms:play-services-base:18.0.1] AndroidManifest.xml:21:19-78
96
97        <provider
97-->[com.google.firebase:firebase-common:20.1.1] AndroidManifest.xml:26:9-31:39
98            android:name="com.google.firebase.provider.FirebaseInitProvider"
98-->[com.google.firebase:firebase-common:20.1.1] AndroidManifest.xml:27:13-77
99            android:authorities="com.example.checkyourenglishproficiency.firebaseinitprovider"
99-->[com.google.firebase:firebase-common:20.1.1] AndroidManifest.xml:28:13-72
100            android:directBootAware="true"
100-->[com.google.firebase:firebase-common:20.1.1] AndroidManifest.xml:29:13-43
101            android:exported="false"
101-->[com.google.firebase:firebase-common:20.1.1] AndroidManifest.xml:30:13-37
102            android:initOrder="100" />
102-->[com.google.firebase:firebase-common:20.1.1] AndroidManifest.xml:31:13-36
103
104        <meta-data
104-->[com.google.android.gms:play-services-basement:18.0.0] AndroidManifest.xml:21:9-23:69
105            android:name="com.google.android.gms.version"
105-->[com.google.android.gms:play-services-basement:18.0.0] AndroidManifest.xml:22:13-58
106            android:value="@integer/google_play_services_version" />
106-->[com.google.android.gms:play-services-basement:18.0.0] AndroidManifest.xml:23:13-66
107
108        <provider
108-->[androidx.emoji2:emoji2:1.0.0] AndroidManifest.xml:26:9-34:20
109            android:name="androidx.startup.InitializationProvider"
109-->[androidx.emoji2:emoji2:1.0.0] AndroidManifest.xml:27:13-67
110            android:authorities="com.example.checkyourenglishproficiency.androidx-startup"
110-->[androidx.emoji2:emoji2:1.0.0] AndroidManifest.xml:28:13-68
111            android:exported="false" >
111-->[androidx.emoji2:emoji2:1.0.0] AndroidManifest.xml:29:13-37
112            <meta-data
112-->[androidx.emoji2:emoji2:1.0.0] AndroidManifest.xml:31:13-33:52
113                android:name="androidx.emoji2.text.EmojiCompatInitializer"
113-->[androidx.emoji2:emoji2:1.0.0] AndroidManifest.xml:32:17-75
114                android:value="androidx.startup" />
114-->[androidx.emoji2:emoji2:1.0.0] AndroidManifest.xml:33:17-49
115            <meta-data
115-->[androidx.lifecycle:lifecycle-process:2.4.0] AndroidManifest.xml:31:13-33:52
116                android:name="androidx.lifecycle.ProcessLifecycleInitializer"
116-->[androidx.lifecycle:lifecycle-process:2.4.0] AndroidManifest.xml:32:17-78
117                android:value="androidx.startup" />
117-->[androidx.lifecycle:lifecycle-process:2.4.0] AndroidManifest.xml:33:17-49
118        </provider>
119    </application>
120
121</manifest>